Arguments: 
  /home/ali/.nvm/versions/node/v14.10.0/bin/node /home/ali/.nvm/versions/node/v14.10.0/bin/yarn add @fortawesome/fortawesome-free

PATH: 
  /home/ali/.nvm/versions/node/v14.10.0/bin:/home/ali/.asdf/shims:/home/ali/.asdf/bin:/usr/local/sbin:/usr/local/bin:/usr/sbin:/usr/bin:/sbin:/bin:/usr/games:/usr/local/games:/snap/bin:/snap/bin:/usr/share/rvm/bin

Yarn version: 
  1.22.19

Node version: 
  14.10.0

Platform: 
  linux x64

Trace: 
  Error: https://registry.yarnpkg.com/@fortawesome%2ffortawesome-free: Not found
      at Request.params.callback [as _callback] (/home/ali/.nvm/versions/node/v14.10.0/lib/node_modules/yarn/lib/cli.js:66145:18)
      at Request.self.callback (/home/ali/.nvm/versions/node/v14.10.0/lib/node_modules/yarn/lib/cli.js:140890:22)
      at Request.emit (events.js:314:20)
      at Request.<anonymous> (/home/ali/.nvm/versions/node/v14.10.0/lib/node_modules/yarn/lib/cli.js:141862:10)
      at Request.emit (events.js:314:20)
      at IncomingMessage.<anonymous> (/home/ali/.nvm/versions/node/v14.10.0/lib/node_modules/yarn/lib/cli.js:141784:12)
      at Object.onceWrapper (events.js:420:28)
      at IncomingMessage.emit (events.js:326:22)
      at endReadableNT (_stream_readable.js:1308:12)
      at processTicksAndRejections (internal/process/task_queues.js:80:21)

npm manifest: 
  No manifest

yarn manifest: 
  No manifest

Lockfile: 
  No lockfile
